#
# There is insufficient memory for the Java Runtime Environment to continue.
# Native memory allocation (malloc) failed to allocate 262160 bytes for Chunk::new
# Possible reasons:
#   The system is out of physical RAM or swap space
#   The process is running with CompressedOops enabled, and the Java Heap may be blocking the growth of the native heap
# Possible solutions:
#   Reduce memory load on the system
#   Increase physical memory or swap space
#   Check if swap backing store is full
#   Decrease Java heap size (-Xmx/-Xms)
#   Decrease number of Java threads
#   Decrease Java thread stack sizes (-Xss)
#   Set larger code cache with -XX:ReservedCodeCacheSize=
#   JVM is running with Unscaled Compressed Oops mode in which the Java heap is
#     placed in the first 4GB address space. The Java Heap base address is the
#     maximum limit for the native heap growth. Please use -XX:HeapBaseMinAddress
#     to set the Java Heap base and to place the Java Heap above 4GB virtual address.
# This output file may be truncated or incomplete.
#
#  Out of Memory Error (arena.cpp:189), pid=20008, tid=18292
#
# JRE version: Java(TM) SE Runtime Environment (17.0+35) (build 17+35-LTS-2724)
# Java VM: Java HotSpot(TM) 64-Bit Server VM (17+35-LTS-2724, mixed mode, sharing, tiered, compressed oops, compressed class ptrs, g1 gc, windows-amd64)
# No core dump will be written. Minidumps are not enabled by default on client versions of Windows
#

---------------  S U M M A R Y ------------

Command Line: -ea -Dfile.encoding=Cp1252 -XX:+ShowCodeDetailsInExceptionMessages org.testng.remote.RemoteTestNG -serport 54802 -protocol json -d D:\Udemy\Eclipse\LinkAirways\test-output C:\Users\GQ-SYS~2\AppData\Local\Temp\testng-eclipse--1744346145\testng-customsuite.xml

Host: Intel(R) Core(TM) i3-8100 CPU @ 3.60GHz, 4 cores, 7G,  Windows 10 , 64 bit Build 19041 (10.0.19041.1889)
Time: Tue Aug 30 17:25:42 2022 India Standard Time elapsed time: 60.740043 seconds (0d 0h 1m 0s)

---------------  T H R E A D  ---------------

Current thread (0x0000012c7e81ab90):  JavaThread "C2 CompilerThread0" daemon [_thread_in_native, id=18292, stack(0x00000005b7c00000,0x00000005b7d00000)]


Current CompileTask:
C2:  60740 1906       4       jdk.internal.org.objectweb.asm.Frame::execute (2305 bytes)

Stack: [0x00000005b7c00000,0x00000005b7d00000]
Native frames: (J=compiled Java code, j=interpreted, Vv=VM code, C=native code)
V  [jvm.dll+0x66f8ea]
V  [jvm.dll+0x7ce224]
V  [jvm.dll+0x7cf9ce]
V  [jvm.dll+0x7d0033]
V  [jvm.dll+0x242bb5]
V  [jvm.dll+0xaa05b]
V  [jvm.dll+0xaa5ec]
V  [jvm.dll+0xaa16b]
V  [jvm.dll+0x6949b8]
V  [jvm.dll+0x1a5e13]
V  [jvm.dll+0x69630f]
V  [jvm.dll+0x2cdd8e]
V  [jvm.dll+0x636431]
V  [jvm.dll+0x10f59c]
V  [jvm.dll+0x339f36]
V  [jvm.dll+0x68b386]
V  [jvm.dll+0x68a6d2]
V  [jvm.dll+0x685bb8]
V  [jvm.dll+0x67fcab]
V  [jvm.dll+0x67f2e7]
V  [jvm.dll+0x67d1e2]
V  [jvm.dll+0x1a48dc]
V  [jvm.dll+0x1a5526]
V  [jvm.dll+0x2a8724]
V  [jvm.dll+0x687cab]
V  [jvm.dll+0x67fcab]
V  [jvm.dll+0x67f2e7]
V  [jvm.dll+0x67d1e2]
V  [jvm.dll+0x1a48dc]
V  [jvm.dll+0x214cc8]
V  [jvm.dll+0x1a168d]
V  [jvm.dll+0x2248f8]
V  [jvm.dll+0x222a5c]
V  [jvm.dll+0x78422b]
V  [jvm.dll+0x77e7ea]
V  [jvm.dll+0x66e715]
C  [ucrtbase.dll+0x21bb2]
C  [KERNEL32.DLL+0x17034]
C  [ntdll.dll+0x52651]


---------------  P R O C E S S  ---------------

Threads class SMR info:
_java_thread_list=0x0000012c14688630, length=25, elements={
0x0000012c73fddd90, 0x0000012c7e7e9a80, 0x0000012c7e7eb640, 0x0000012c7e7fe690,
0x0000012c7e801050, 0x0000012c7e801a00, 0x0000012c7e808410, 0x0000012c7e81ab90,
0x0000012c7e83b590, 0x0000012c7e84c740, 0x0000012c7f4afc20, 0x0000012c7f4b6110,
0x0000012c7f75fa00, 0x0000012c7f799c10, 0x0000012c13393870, 0x0000012c14379570,
0x0000012c14379e40, 0x0000012c1437a310, 0x0000012c1358a920, 0x0000012c140f0020,
0x0000012c140f04f0, 0x0000012c14374530, 0x0000012c14377550, 0x0000012c14374060,
0x0000012c71e160f0
}

Java Threads: ( => current thread )
  0x0000012c73fddd90 JavaThread "Forwarding findElement on session f704b352c4eecf5a006b96f3a4da3f83 to remote" [_thread_blocked, id=9208, stack(0x00000005b6f00000,0x00000005b7000000)]
  0x0000012c7e7e9a80 JavaThread "Reference Handler" daemon [_thread_blocked, id=19164, stack(0x00000005b7600000,0x00000005b7700000)]
  0x0000012c7e7eb640 JavaThread "Finalizer" daemon [_thread_blocked, id=10024, stack(0x00000005b7700000,0x00000005b7800000)]
  0x0000012c7e7fe690 JavaThread "Signal Dispatcher" daemon [_thread_blocked, id=524, stack(0x00000005b7800000,0x00000005b7900000)]
  0x0000012c7e801050 JavaThread "Attach Listener" daemon [_thread_blocked, id=15408, stack(0x00000005b7900000,0x00000005b7a00000)]
  0x0000012c7e801a00 JavaThread "Service Thread" daemon [_thread_blocked, id=2828, stack(0x00000005b7a00000,0x00000005b7b00000)]
  0x0000012c7e808410 JavaThread "Monitor Deflation Thread" daemon [_thread_blocked, id=9372, stack(0x00000005b7b00000,0x00000005b7c00000)]
=>0x0000012c7e81ab90 JavaThread "C2 CompilerThread0" daemon [_thread_in_native, id=18292, stack(0x00000005b7c00000,0x00000005b7d00000)]
  0x0000012c7e83b590 JavaThread "C1 CompilerThread0" daemon [_thread_blocked, id=11304, stack(0x00000005b7d00000,0x00000005b7e00000)]
  0x0000012c7e84c740 JavaThread "Sweeper thread" daemon [_thread_blocked, id=10280, stack(0x00000005b7e00000,0x00000005b7f00000)]
  0x0000012c7f4afc20 JavaThread "Notification Thread" daemon [_thread_blocked, id=8492, stack(0x00000005b7f00000,0x00000005b8000000)]
  0x0000012c7f4b6110 JavaThread "Common-Cleaner" daemon [_thread_blocked, id=2448, stack(0x00000005b8100000,0x00000005b8200000)]
  0x0000012c7f75fa00 JavaThread "ReaderThread" [_thread_in_native, id=16856, stack(0x00000005b8400000,0x00000005b8500000)]
  0x0000012c7f799c10 JavaThread "ForkJoinPool.commonPool-worker-1" daemon [_thread_blocked, id=16652, stack(0x00000005b8800000,0x00000005b8900000)]
  0x0000012c13393870 JavaThread "AsyncHttpClient-1-1" daemon [_thread_blocked, id=9008, stack(0x00000005b8900000,0x00000005b8a00000)]
  0x0000012c14379570 JavaThread "Exec Default Executor" daemon [_thread_in_native, id=20932, stack(0x00000005b8a00000,0x00000005b8b00000)]
  0x0000012c14379e40 JavaThread "Driver Service Executor" daemon [_thread_blocked, id=18056, stack(0x00000005b8b00000,0x00000005b8c00000)]
  0x0000012c1437a310 JavaThread "Driver Service Executor" daemon [_thread_blocked, id=10600, stack(0x00000005b8c00000,0x00000005b8d00000)]
  0x0000012c1358a920 JavaThread "UrlChecker-2" daemon [_thread_blocked, id=6384, stack(0x00000005b8d00000,0x00000005b8e00000)]
  0x0000012c140f0020 JavaThread "Exec Stream Pumper" daemon [_thread_in_native, id=19764, stack(0x00000005b8e00000,0x00000005b8f00000)]
  0x0000012c140f04f0 JavaThread "Exec Stream Pumper" daemon [_thread_in_native, id=20820, stack(0x00000005b8f00000,0x00000005b9000000)]
  0x0000012c14374530 JavaThread "AsyncHttpClient-1-2" daemon [_thread_in_native, id=960, stack(0x00000005b9100000,0x00000005b9200000)]
  0x0000012c14377550 JavaThread "AsyncHttpClient-1-3" daemon [_thread_in_native, id=1792, stack(0x00000005b8200000,0x00000005b8300000)]
  0x0000012c14374060 JavaThread "AsyncHttpClient-1-4" daemon [_thread_in_native, id=20792, stack(0x00000005b9200000,0x00000005b9300000)]
  0x0000012c71e160f0 JavaThread "C2 CompilerThread1" daemon [_thread_blocked, id=2824, stack(0x00000005b6c00000,0x00000005b6d00000)]

Other Threads:
  0x0000012c7e7e2fd0 VMThread "VM Thread" [stack: 0x00000005b7500000,0x00000005b7600000] [id=10524]
  0x0000012c7403af00 WatcherThread [stack: 0x00000005b8000000,0x00000005b8100000] [id=10700]
  0x0000012c7401aab0 GCTaskThread "GC Thread#0" [stack: 0x00000005b7000000,0x00000005b7100000] [id=19116]
  0x0000012c1322b110 GCTaskThread "GC Thread#1" [stack: 0x00000005b8500000,0x00000005b8600000] [id=11792]
  0x0000012c1322b3c0 GCTaskThread "GC Thread#2" [stack: 0x00000005b8600000,0x00000005b8700000] [id=19752]
  0x0000012c1322b670 GCTaskThread "GC Thread#3" [stack: 0x00000005b8700000,0x00000005b8800000] [id=19588]
  0x0000012c7402fe20 ConcurrentGCThread "G1 Main Marker" [stack: 0x00000005b7100000,0x00000005b7200000] [id=5812]
  0x0000012c74030830 ConcurrentGCThread "G1 Conc#0" [stack: 0x00000005b7200000,0x00000005b7300000] [id=19472]
  0x0000012c740ac140 ConcurrentGCThread "G1 Refine#0" [stack: 0x00000005b7300000,0x00000005b7400000] [id=9800]
  0x0000012c740ada10 ConcurrentGCThread "G1 Service" [stack: 0x00000005b7400000,0x00000005b7500000] [id=8424]

Threads with active compile tasks:
C2 CompilerThread0    60770 1906       4       jdk.internal.org.objectweb.asm.Frame::execute (2305 bytes)

VM state: not at safepoint (normal execution)

VM Mutex/Monitor currently owned by a thread: None

Heap address: 0x0000000081e00000, size: 2018 MB, Compressed Oops mode: 32-bit

CDS archive(s) mapped at: [0x0000000800000000-0x0000000800bc0000-0x0000000800bc0000), size 12320768, SharedBaseAddress: 0x0000000800000000, ArchiveRelocationMode: 0.
Compressed class space mapped at: 0x0000000800c00000-0x0000000840c00000, reserved size: 1073741824
Narrow klass base: 0x0000000800000000, Narrow klass shift: 0, Narrow klass range: 0x100000000

GC Precious Log:
 CPUs: 4 total, 4 available
 Memory: 8071M
 Large Page Support: Disabled
 NUMA Support: Disabled
 Compressed Oops: Enabled (32-bit)
 Heap Region Size: 1M
 Heap Min Capacity: 8M
 Heap Initial Capacity: 128M
 Heap Max Capacity: 2018M
 Pre-touch: Disabled
 Parallel Workers: 4
 Concurrent Workers: 1
 Concurrent Refinement Workers: 4
 Periodic GC: Disabled

Heap:
 garbage-first heap   total 55296K, used 17609K [0x0000000081e00000, 0x0000000100000000)
  region size 1024K, 9 young (9216K), 5 survivors (5120K)
 Metaspace       used 21582K, committed 21824K, reserved 1073152K
  class space    used 2724K, committed 2816K, reserved 1048576K

Heap Regions: E=young(eden), S=young(survivor), O=old, HS=humongous(starts), HC=humongous(continues), CS=collection set, F=free, OA=open archive, CA=closed archive, TAMS=top-at-mark-start (previous, next)
|   0|0x0000000081e00000, 0x0000000081f00000, 0x0000000081f00000|100%|HS|  |TAMS 0x0000000081f00000, 0x0000000081e00000| Complete 
|   1|0x0000000081f00000, 0x0000000082000000, 0x0000000082000000|100%|HC|  |TAMS 0x0000000082000000, 0x0000000081f00000| Complete 
|   2|0x0000000082000000, 0x0000000082100000, 0x0000000082100000|100%| O|  |TAMS 0x0000000082100000, 0x0000000082000000| Untracked 
|   3|0x0000000082100000, 0x0000000082200000, 0x0000000082200000|100%| O|  |TAMS 0x0000000082200000, 0x0000000082100000| Untracked 
|   4|0x0000000082200000, 0x0000000082261600, 0x0000000082300000| 38%| O|  |TAMS 0x0000000082261600, 0x0000000082200000| Complete 
|   5|0x0000000082300000, 0x0000000082400000, 0x0000000082400000|100%|HS|  |TAMS 0x0000000082400000, 0x0000000082300000| Complete 
|   6|0x0000000082400000, 0x0000000082500000, 0x0000000082500000|100%|HC|  |TAMS 0x0000000082500000, 0x0000000082400000| Complete 
|   7|0x0000000082500000, 0x0000000082600000, 0x0000000082600000|100%|HC|  |TAMS 0x0000000082600000, 0x0000000082500000| Complete 
|   8|0x0000000082600000, 0x0000000082700000, 0x0000000082700000|100%|HC|  |TAMS 0x0000000082700000, 0x0000000082600000| Complete 
|   9|0x0000000082700000, 0x0000000082800000, 0x0000000082800000|100%|HC|  |TAMS 0x0000000082800000, 0x0000000082700000| Complete 
|  10|0x0000000082800000, 0x0000000082800000, 0x0000000082900000|  0%| F|  |TAMS 0x0000000082800000, 0x0000000082800000| Untracked 
|  11|0x0000000082900000, 0x0000000082900000, 0x0000000082a00000|  0%| F|  |TAMS 0x0000000082900000, 0x0000000082900000| Untracked 
|  12|0x0000000082a00000, 0x0000000082a00000, 0x0000000082b00000|  0%| F|  |TAMS 0x0000000082a00000, 0x0000000082a00000| Untracked 
|  13|0x0000000082b00000, 0x0000000082b00000, 0x0000000082c00000|  0%| F|  |TAMS 0x0000000082b00000, 0x0000000082b00000| Untracked 
|  14|0x0000000082c00000, 0x0000000082c00000, 0x0000000082d00000|  0%| F|  |TAMS 0x0000000082c00000, 0x0000000082c00000| Untracked 
|  15|0x0000000082d00000, 0x0000000082d00000, 0x0000000082e00000|  0%| F|  |TAMS 0x0000000082d00000, 0x0000000082d00000| Untracked 
|  16|0x0000000082e00000, 0x0000000082e00000, 0x0000000082f00000|  0%| F|  |TAMS 0x0000000082e00000, 0x0000000082e00000| Untracked 
|  17|0x0000000082f00000, 0x0000000082f00000, 0x0000000083000000|  0%| F|  |TAMS 0x0000000082f00000, 0x0000000082f00000| Untracked 
|  18|0x0000000083000000, 0x0000000083000000, 0x0000000083100000|  0%| F|  |TAMS 0x0000000083000000, 0x0000000083000000| Untracked 
|  19|0x0000000083100000, 0x0000000083100000, 0x0000000083200000|  0%| F|  |TAMS 0x0000000083100000, 0x0000000083100000| Untracked 
|  20|0x0000000083200000, 0x0000000083200000, 0x0000000083300000|  0%| F|  |TAMS 0x0000000083200000, 0x0000000083200000| Untracked 
|  21|0x0000000083300000, 0x0000000083300000, 0x0000000083400000|  0%| F|  |TAMS 0x0000000083300000, 0x0000000083300000| Untracked 
|  22|0x0000000083400000, 0x0000000083400000, 0x0000000083500000|  0%| F|  |TAMS 0x0000000083400000, 0x0000000083400000| Untracked 
|  23|0x0000000083500000, 0x0000000083500000, 0x0000000083600000|  0%| F|  |TAMS 0x0000000083500000, 0x0000000083500000| Untracked 
|  24|0x0000000083600000, 0x0000000083600000, 0x0000000083700000|  0%| F|  |TAMS 0x0000000083600000, 0x0000000083600000| Untracked 
|  25|0x0000000083700000, 0x0000000083700000, 0x0000000083800000|  0%| F|  |TAMS 0x0000000083700000, 0x0000000083700000| Untracked 
|  26|0x0000000083800000, 0x0000000083800000, 0x0000000083900000|  0%| F|  |TAMS 0x0000000083800000, 0x0000000083800000| Untracked 
|  27|0x0000000083900000, 0x0000000083900000, 0x0000000083a00000|  0%| F|  |TAMS 0x0000000083900000, 0x0000000083900000| Untracked 
|  28|0x0000000083a00000, 0x0000000083a00000, 0x0000000083b00000|  0%| F|  |TAMS 0x0000000083a00000, 0x0000000083a00000| Untracked 
|  29|0x0000000083b00000, 0x0000000083b00000, 0x0000000083c00000|  0%| F|  |TAMS 0x0000000083b00000, 0x0000000083b00000| Untracked 
|  30|0x0000000083c00000, 0x0000000083c00000, 0x0000000083d00000|  0%| F|  |TAMS 0x0000000083c00000, 0x0000000083c00000| Untracked 
|  31|0x0000000083d00000, 0x0000000083d00000, 0x0000000083e00000|  0%| F|  |TAMS 0x0000000083d00000, 0x0000000083d00000| Untracked 
|  32|0x0000000083e00000, 0x0000000083e00000, 0x0000000083f00000|  0%| F|  |TAMS 0x0000000083e00000, 0x0000000083e00000| Untracked 
|  33|0x0000000083f00000, 0x0000000083f00000, 0x0000000084000000|  0%| F|  |TAMS 0x0000000083f00000, 0x0000000083f00000| Untracked 
|  34|0x0000000084000000, 0x0000000084000000, 0x0000000084100000|  0%| F|  |TAMS 0x0000000084000000, 0x0000000084000000| Untracked 
|  35|0x0000000084100000, 0x0000000084100000, 0x0000000084200000|  0%| F|  |TAMS 0x0000000084100000, 0x0000000084100000| Untracked 
|  36|0x0000000084200000, 0x0000000084200000, 0x0000000084300000|  0%| F|  |TAMS 0x0000000084200000, 0x0000000084200000| Untracked 
|  37|0x0000000084300000, 0x0000000084300000, 0x0000000084400000|  0%| F|  |TAMS 0x0000000084300000, 0x0000000084300000| Untracked 
|  38|0x0000000084400000, 0x0000000084400000, 0x0000000084500000|  0%| F|  |TAMS 0x0000000084400000, 0x0000000084400000| Untracked 
|  39|0x0000000084500000, 0x0000000084500000, 0x0000000084600000|  0%| F|  |TAMS 0x0000000084500000, 0x0000000084500000| Untracked 
|  40|0x0000000084600000, 0x0000000084600000, 0x0000000084700000|  0%| F|  |TAMS 0x0000000084600000, 0x0000000084600000| Untracked 
|  41|0x0000000084700000, 0x0000000084700000, 0x0000000084800000|  0%| F|  |TAMS 0x0000000084700000, 0x0000000084700000| Untracked 
|  42|0x0000000084800000, 0x0000000084800000, 0x0000000084900000|  0%| F|  |TAMS 0x0000000084800000, 0x0000000084800000| Untracked 
|  43|0x0000000084900000, 0x0000000084900000, 0x0000000084a00000|  0%| F|  |TAMS 0x0000000084900000, 0x0000000084900000| Untracked 
|  44|0x0000000084a00000, 0x0000000084a00000, 0x0000000084b00000|  0%| F|  |TAMS 0x0000000084a00000, 0x0000000084a00000| Untracked 
|  45|0x0000000084b00000, 0x0000000084b81070, 0x0000000084c00000| 50%| E|  |TAMS 0x0000000084b00000, 0x0000000084b00000| Complete 
|  46|0x0000000084c00000, 0x0000000084d00000, 0x0000000084d00000|100%| E|CS|TAMS 0x0000000084c00000, 0x0000000084c00000| Complete 
|  47|0x0000000084d00000, 0x0000000084e00000, 0x0000000084e00000|100%| E|CS|TAMS 0x0000000084d00000, 0x0000000084d00000| Complete 
|  93|0x0000000087b00000, 0x0000000087bd0ea8, 0x0000000087c00000| 81%| S|CS|TAMS 0x0000000087b00000, 0x0000000087b00000| Complete 
|  94|0x0000000087c00000, 0x0000000087d00000, 0x0000000087d00000|100%| S|CS|TAMS 0x0000000087c00000, 0x0000000087c00000| Complete 
|  95|0x0000000087d00000, 0x0000000087e00000, 0x0000000087e00000|100%| S|CS|TAMS 0x0000000087d00000, 0x0000000087d00000| Complete 
|  96|0x0000000087e00000, 0x0000000087f00000, 0x0000000087f00000|100%| S|CS|TAMS 0x0000000087e00000, 0x0000000087e00000| Complete 
|  97|0x0000000087f00000, 0x0000000088000000, 0x0000000088000000|100%| S|CS|TAMS 0x0000000087f00000, 0x0000000087f00000| Complete 
| 127|0x0000000089d00000, 0x0000000089e00000, 0x0000000089e00000|100%| E|CS|TAMS 0x0000000089d00000, 0x0000000089d00000| Complete 

Card table byte_map: [0x0000012c7bbf0000,0x0000012c7bff0000] _byte_map_base: 0x0000012c7b7e1000

Marking Bits (Prev, Next): (CMBitMap*) 0x0000012c7401c110, (CMBitMap*) 0x0000012c7401c0d0
 Prev Bits: [0x0000012c0f000000, 0x0000012c10f88000)
 Next Bits: [0x0000012c7c3f0000, 0x0000012c7e378000)

Polling page: 0x0000012c71df0000

Metaspace:

Usage:
  Non-class:     18.42 MB used.
      Class:      2.66 MB used.
       Both:     21.08 MB used.

Virtual space:
  Non-class space:       24.00 MB reserved,      18.56 MB ( 77%) committed,  3 nodes.
      Class space:        1.00 GB reserved,       2.75 MB ( <1%) committed,  1 nodes.
             Both:        1.02 GB reserved,      21.31 MB (  2%) committed. 

Chunk freelists:
   Non-Class:  1.42 MB
       Class:  1.25 MB
        Both:  2.67 MB

MaxMetaspaceSize: unlimited
CompressedClassSpaceSize: 1.00 GB
Initial GC threshold: 21.00 MB
Current GC threshold: 35.12 MB
CDS: on
MetaspaceReclaimPolicy: balanced
 - commit_granule_bytes: 65536.
 - commit_granule_words: 8192.
 - virtual_space_node_default_size: 1048576.
 - enlarge_chunks_in_place: 1.
 - new_chunks_are_fully_committed: 0.
 - uncommit_free_chunks: 1.
 - use_allocation_guard: 0.
 - handle_deallocations: 1.


Internal statistics:

num_allocs_failed_limit: 3.
num_arena_births: 204.
num_arena_deaths: 0.
num_vsnodes_births: 4.
num_vsnodes_deaths: 0.
num_space_committed: 341.
num_space_uncommitted: 0.
num_chunks_returned_to_freelist: 3.
num_chunks_taken_from_freelist: 766.
num_chunk_merges: 3.
num_chunk_splits: 526.
num_chunks_enlarged: 414.
num_purges: 0.
num_inconsistent_stats: 0.

CodeHeap 'non-profiled nmethods': size=120000Kb used=693Kb max_used=693Kb free=119306Kb
 bounds [0x0000012c07ad0000, 0x0000012c07d40000, 0x0000012c0f000000]
CodeHeap 'profiled nmethods': size=120000Kb used=3669Kb max_used=3669Kb free=116330Kb
 bounds [0x0000012c005a0000, 0x0000012c00940000, 0x0000012c07ad0000]
CodeHeap 'non-nmethods': size=5760Kb used=1270Kb max_used=1296Kb free=4489Kb
 bounds [0x0000012c00000000, 0x0000012c00270000, 0x0000012c005a0000]
 total_blobs=2524 nmethods=1941 adapters=495
 compilation: enabled
              stopped_count=0, restarted_count=0
 full_count=0

Compilation events (20 events):
Event: 60.719 Thread 0x0000012c7e83b590 nmethod 1936 0x0000012c00933f10 code [0x0000012c009340a0, 0x0000012c009341a8]
Event: 60.719 Thread 0x0000012c7e83b590 1937       3       io.netty.util.internal.PlatformDependent0::putByte (10 bytes)
Event: 60.719 Thread 0x0000012c7e83b590 nmethod 1937 0x0000012c00934290 code [0x0000012c00934420, 0x0000012c009345d8]
Event: 60.719 Thread 0x0000012c7e83b590 1938       3       jdk.internal.misc.Unsafe::checkPointer (19 bytes)
Event: 60.719 Thread 0x0000012c7e83b590 nmethod 1938 0x0000012c00934690 code [0x0000012c00934860, 0x0000012c00934c08]
Event: 60.719 Thread 0x0000012c7e83b590 1939       3       sun.misc.Unsafe::putOrderedObject (11 bytes)
Event: 60.720 Thread 0x0000012c7e83b590 nmethod 1939 0x0000012c00934d90 code [0x0000012c00934f40, 0x0000012c00935148]
Event: 60.720 Thread 0x0000012c7e83b590 1940       1       io.netty.channel.socket.nio.NioSocketChannel::config (5 bytes)
Event: 60.720 Thread 0x0000012c7e83b590 nmethod 1940 0x0000012c07b78910 code [0x0000012c07b78aa0, 0x0000012c07b78b78]
Event: 60.720 Thread 0x0000012c7e83b590 1941       3       sun.misc.Unsafe::getInt (9 bytes)
Event: 60.720 Thread 0x0000012c7e83b590 nmethod 1941 0x0000012c00935210 code [0x0000012c009353a0, 0x0000012c009354b8]
Event: 60.720 Thread 0x0000012c7e83b590 1942       1       io.netty.util.internal.shaded.org.jctools.queues.BaseMpscLinkedArrayQueueColdProducerFields::lvProducerLimit (5 bytes)
Event: 60.720 Thread 0x0000012c7e83b590 nmethod 1942 0x0000012c07b78c10 code [0x0000012c07b78da0, 0x0000012c07b78e78]
Event: 60.726 Thread 0x0000012c71e160f0 nmethod 1925 0x0000012c07b78f10 code [0x0000012c07b79120, 0x0000012c07b79ae0]
Event: 60.726 Thread 0x0000012c71e160f0 1929       4       java.util.HashMap::put (13 bytes)
Event: 60.728 Thread 0x0000012c7e81ab90 nmethod 1905 0x0000012c07b7a110 code [0x0000012c07b7a2e0, 0x0000012c07b7b6a8]
Event: 60.728 Thread 0x0000012c7e81ab90 1906       4       jdk.internal.org.objectweb.asm.Frame::execute (2305 bytes)
Event: 60.736 Thread 0x0000012c71e160f0 nmethod 1929 0x0000012c07b7be10 code [0x0000012c07b7c020, 0x0000012c07b7c9e0]
Event: 60.736 Thread 0x0000012c71e160f0 1908       4       java.util.ArrayList$Itr::next (66 bytes)
Event: 60.737 Thread 0x0000012c71e160f0 nmethod 1908 0x0000012c07b7d090 code [0x0000012c07b7d220, 0x0000012c07b7d378]

GC Heap History (6 events):
Event: 0.408 GC heap before
{Heap before GC invocations=0 (full 0):
 garbage-first heap   total 131072K, used 15360K [0x0000000081e00000, 0x0000000100000000)
  region size 1024K, 13 young (13312K), 0 survivors (0K)
 Metaspace       used 6544K, committed 6720K, reserved 1056768K
  class space    used 744K, committed 832K, reserved 1048576K
}
Event: 0.410 GC heap after
{Heap after GC invocations=1 (full 0):
 garbage-first heap   total 131072K, used 4527K [0x0000000081e00000, 0x0000000100000000)
  region size 1024K, 2 young (2048K), 2 survivors (2048K)
 Metaspace       used 6544K, committed 6720K, reserved 1056768K
  class space    used 744K, committed 832K, reserved 1048576K
}
Event: 0.678 GC heap before
{Heap before GC invocations=1 (full 0):
 garbage-first heap   total 131072K, used 19887K [0x0000000081e00000, 0x0000000100000000)
  region size 1024K, 18 young (18432K), 2 survivors (2048K)
 Metaspace       used 12757K, committed 12992K, reserved 1064960K
  class space    used 1502K, committed 1600K, reserved 1048576K
}
Event: 0.681 GC heap after
{Heap after GC invocations=2 (full 0):
 garbage-first heap   total 131072K, used 6681K [0x0000000081e00000, 0x0000000100000000)
  region size 1024K, 3 young (3072K), 3 survivors (3072K)
 Metaspace       used 12757K, committed 12992K, reserved 1064960K
  class space    used 1502K, committed 1600K, reserved 1048576K
}
Event: 2.010 GC heap before
{Heap before GC invocations=2 (full 0):
 garbage-first heap   total 131072K, used 38425K [0x0000000081e00000, 0x0000000100000000)
  region size 1024K, 30 young (30720K), 3 survivors (3072K)
 Metaspace       used 21272K, committed 21504K, reserved 1073152K
  class space    used 2669K, committed 2816K, reserved 1048576K
}
Event: 2.013 GC heap after
{Heap after GC invocations=3 (full 0):
 garbage-first heap   total 131072K, used 14537K [0x0000000081e00000, 0x0000000100000000)
  region size 1024K, 5 young (5120K), 5 survivors (5120K)
 Metaspace       used 21272K, committed 21504K, reserved 1073152K
  class space    used 2669K, committed 2816K, reserved 1048576K
}

Deoptimization events (20 events):
Event: 1.951 Thread 0x0000012c73fddd90 Uncommon trap: trap_request=0xffffff45 fr.pc=0x0000012c07b24b80 relative=0x0000000000000fe0
Event: 1.951 Thread 0x0000012c73fddd90 Uncommon trap: reason=unstable_if action=reinterpret pc=0x0000012c07b24b80 method=java.util.concurrent.ConcurrentHashMap.putVal(Ljava/lang/Object;Ljava/lang/Object;Z)Ljava/lang/Object; @ 256 c2
Event: 1.951 Thread 0x0000012c73fddd90 DEOPT PACKING pc=0x0000012c07b24b80 sp=0x00000005b6ffca40
Event: 1.951 Thread 0x0000012c73fddd90 DEOPT UNPACKING pc=0x0000012c000523a3 sp=0x00000005b6ffc9b8 mode 2
Event: 1.985 Thread 0x0000012c14377550 Uncommon trap: trap_request=0xffffffde fr.pc=0x0000012c07b30840 relative=0x00000000000007c0
Event: 1.985 Thread 0x0000012c14377550 Uncommon trap: reason=class_check action=maybe_recompile pc=0x0000012c07b30840 method=java.util.HashMap.putVal(ILjava/lang/Object;Ljava/lang/Object;ZZ)Ljava/lang/Object; @ 91 c2
Event: 1.985 Thread 0x0000012c14377550 DEOPT PACKING pc=0x0000012c07b30840 sp=0x00000005b82feea0
Event: 1.985 Thread 0x0000012c14377550 DEOPT UNPACKING pc=0x0000012c000523a3 sp=0x00000005b82fee50 mode 2
Event: 1.985 Thread 0x0000012c14377550 Uncommon trap: trap_request=0xffffffde fr.pc=0x0000012c07b30840 relative=0x00000000000007c0
Event: 1.985 Thread 0x0000012c14377550 Uncommon trap: reason=class_check action=maybe_recompile pc=0x0000012c07b30840 method=java.util.HashMap.putVal(ILjava/lang/Object;Ljava/lang/Object;ZZ)Ljava/lang/Object; @ 91 c2
Event: 1.985 Thread 0x0000012c14377550 DEOPT PACKING pc=0x0000012c07b30840 sp=0x00000005b82feea0
Event: 1.985 Thread 0x0000012c14377550 DEOPT UNPACKING pc=0x0000012c000523a3 sp=0x00000005b82fee50 mode 2
Event: 60.712 Thread 0x0000012c73fddd90 Uncommon trap: trap_request=0xffffffde fr.pc=0x0000012c07b33cf0 relative=0x0000000000000850
Event: 60.712 Thread 0x0000012c73fddd90 Uncommon trap: reason=class_check action=maybe_recompile pc=0x0000012c07b33cf0 method=java.util.HashMap.putVal(ILjava/lang/Object;Ljava/lang/Object;ZZ)Ljava/lang/Object; @ 203 c2
Event: 60.712 Thread 0x0000012c73fddd90 DEOPT PACKING pc=0x0000012c07b33cf0 sp=0x00000005b6ffc630
Event: 60.712 Thread 0x0000012c73fddd90 DEOPT UNPACKING pc=0x0000012c000523a3 sp=0x00000005b6ffc568 mode 2
Event: 60.712 Thread 0x0000012c73fddd90 Uncommon trap: trap_request=0xffffffde fr.pc=0x0000012c07b33cf0 relative=0x0000000000000850
Event: 60.712 Thread 0x0000012c73fddd90 Uncommon trap: reason=class_check action=maybe_recompile pc=0x0000012c07b33cf0 method=java.util.HashMap.putVal(ILjava/lang/Object;Ljava/lang/Object;ZZ)Ljava/lang/Object; @ 203 c2
Event: 60.713 Thread 0x0000012c73fddd90 DEOPT PACKING pc=0x0000012c07b33cf0 sp=0x00000005b6ffc630
Event: 60.713 Thread 0x0000012c73fddd90 DEOPT UNPACKING pc=0x0000012c000523a3 sp=0x00000005b6ffc568 mode 2

Classes unloaded (0 events):
No events

Classes redefined (0 events):
No events

Internal exceptions (20 events):
Event: 0.863 Thread 0x0000012c14379570 Exception <a 'java/lang/NoSuchMethodError'{0x000000008950d608}: 'void java.lang.invoke.DirectMethodHandle$Holder.invokeStatic(java.lang.Object, long)'> (0x000000008950d608) 
thrown [t:\workspace\open\src\hotspot\share\interpreter\linkResolver.cpp, line 766]
Event: 0.863 Thread 0x0000012c14379570 Exception <a 'java/lang/NoSuchMethodError'{0x0000000089512b28}: 'java.lang.Object java.lang.invoke.DirectMethodHandle$Holder.newInvokeSpecial(java.lang.Object, long)'> (0x0000000089512b28) 
thrown [t:\workspace\open\src\hotspot\share\interpreter\linkResolver.cpp, line 766]
Event: 0.865 Thread 0x0000012c14379570 Exception <a 'java/lang/NoSuchMethodError'{0x000000008951cd98}: 'java.lang.Object java.lang.invoke.DirectMethodHandle$Holder.invokeStaticInit(java.lang.Object, java.lang.Object, long, java.lang.Object)'> (0x000000008951cd98) 
thrown [t:\workspace\open\src\hotspot\share\interpreter\linkResolver.cpp, line 766]
Event: 0.865 Thread 0x0000012c1358a920 Exception <a 'java/net/ConnectException'{0x0000000089401e58}: Connection refused: no further information> (0x0000000089401e58) 
thrown [t:\workspace\open\src\hotspot\share\prims\jni.cpp, line 535]
Event: 0.865 Thread 0x0000012c1358a920 Exception <a 'java/net/SocketException'{0x0000000089402190}: Socket is not connected: shutdown> (0x0000000089402190) 
thrown [t:\workspace\open\src\hotspot\share\prims\jni.cpp, line 535]
Event: 0.865 Thread 0x0000012c14379570 Exception <a 'java/lang/NoSuchMethodError'{0x0000000089522e20}: 'java.lang.Object java.lang.invoke.DirectMethodHandle$Holder.newInvokeSpecial(java.lang.Object, java.lang.Object, long)'> (0x0000000089522e20) 
thrown [t:\workspace\open\src\hotspot\share\interpreter\linkResolver.cpp, line 766]
Event: 0.865 Thread 0x0000012c14379570 Exception <a 'java/lang/NoSuchMethodError'{0x0000000089526990}: 'java.lang.Object java.lang.invoke.Invokers$Holder.linkToTargetMethod(java.lang.Object, long, java.lang.Object)'> (0x0000000089526990) 
thrown [t:\workspace\open\src\hotspot\share\interpreter\linkResolver.cpp, line 766]
Event: 0.885 Thread 0x0000012c1358a920 Exception <a 'java/net/ConnectException'{0x00000000894031f8}: Connection refused: no further information> (0x00000000894031f8) 
thrown [t:\workspace\open\src\hotspot\share\prims\jni.cpp, line 535]
Event: 0.885 Thread 0x0000012c1358a920 Exception <a 'java/net/SocketException'{0x0000000089403530}: Socket is not connected: shutdown> (0x0000000089403530) 
thrown [t:\workspace\open\src\hotspot\share\prims\jni.cpp, line 535]
Event: 0.926 Thread 0x0000012c73fddd90 Exception <a 'java/lang/NoSuchMethodError'{0x00000000896fa7d0}: 'double java.lang.invoke.DirectMethodHandle$Holder.invokeVirtual(java.lang.Object, java.lang.Object)'> (0x00000000896fa7d0) 
thrown [t:\workspace\open\src\hotspot\share\interpreter\linkResolver.cpp, line 766]
Event: 0.926 Thread 0x0000012c73fddd90 Exception <a 'java/lang/NoSuchMethodError'{0x0000000089301410}: 'float java.lang.invoke.DirectMethodHandle$Holder.invokeVirtual(java.lang.Object, java.lang.Object)'> (0x0000000089301410) 
thrown [t:\workspace\open\src\hotspot\share\interpreter\linkResolver.cpp, line 766]
Event: 0.927 Thread 0x0000012c73fddd90 Exception <a 'java/lang/NoSuchMethodError'{0x000000008930a3f0}: 'long java.lang.invoke.DirectMethodHandle$Holder.invokeVirtual(java.lang.Object, java.lang.Object)'> (0x000000008930a3f0) 
thrown [t:\workspace\open\src\hotspot\share\interpreter\linkResolver.cpp, line 766]
Event: 0.943 Thread 0x0000012c73fddd90 Exception <a 'java/lang/NoSuchMethodError'{0x000000008923c938}: 'void java.lang.invoke.DirectMethodHandle$Holder.invokeSpecial(java.lang.Object, java.lang.Object, java.lang.Object, java.lang.Object, java.lang.Object)'> (0x000000008923c938) 
thrown [t:\workspace\open\src\hotspot\share\interpreter\linkResolver.cpp, line 766]
Event: 0.944 Thread 0x0000012c73fddd90 Exception <a 'java/lang/NoSuchMethodError'{0x0000000089243918}: 'void java.lang.invoke.DirectMethodHandle$Holder.invokeStatic(java.lang.Object, java.lang.Object, int)'> (0x0000000089243918) 
thrown [t:\workspace\open\src\hotspot\share\interpreter\linkResolver.cpp, line 766]
Event: 0.953 Thread 0x0000012c73fddd90 Exception <a 'java/lang/NoSuchMethodError'{0x00000000892ebea0}: 'java.lang.Object java.lang.invoke.DirectMethodHandle$Holder.newInvokeSpecial(java.lang.Object, java.lang.Object, java.lang.Object, java.lang.Object, java.lang.Object)'> (0x00000000892ebea0) 
thrown [t:\workspace\open\src\hotspot\share\interpreter\linkResolver.cpp, line 766]
Event: 0.965 Thread 0x0000012c73fddd90 Exception <a 'java/lang/NoSuchMethodError'{0x0000000089028b50}: 'int java.lang.invoke.DirectMethodHandle$Holder.invokeSpecialIFC(java.lang.Object, java.lang.Object, java.lang.Object)'> (0x0000000089028b50) 
thrown [t:\workspace\open\src\hotspot\share\interpreter\linkResolver.cpp, line 766]
Event: 1.004 Thread 0x0000012c73fddd90 Exception <a 'java/lang/NoSuchMethodError'{0x0000000088ea10d8}: 'void java.lang.invoke.DirectMethodHandle$Holder.invokeSpecial(java.lang.Object, java.lang.Object, java.lang.Object, java.lang.Object, java.lang.Object, java.lang.Object)'> (0x0000000088ea10d8) 
thrown [t:\workspace\open\src\hotspot\share\interpreter\linkResolver.cpp, line 766]
Event: 1.935 Thread 0x0000012c73fddd90 Exception <a 'java/lang/NoSuchMethodError'{0x000000008858d838}: 'java.lang.Object java.lang.invoke.DirectMethodHandle$Holder.invokeSpecialIFC(java.lang.Object, java.lang.Object, java.lang.Object)'> (0x000000008858d838) 
thrown [t:\workspace\open\src\hotspot\share\interpreter\linkResolver.cpp, line 766]
Event: 1.938 Thread 0x0000012c73fddd90 Exception <a 'java/lang/NoSuchMethodError'{0x00000000885b58a0}: 'void java.lang.invoke.DirectMethodHandle$Holder.invokeSpecial(java.lang.Object, java.lang.Object, java.lang.Object)'> (0x00000000885b58a0) 
thrown [t:\workspace\open\src\hotspot\share\interpreter\linkResolver.cpp, line 766]
Event: 1.955 Thread 0x0000012c73fddd90 Exception <a 'java/lang/ClassNotFoundException'{0x0000000088479478}: sun/util/logging/resources/spi/loggingProvider> (0x0000000088479478) 
thrown [t:\workspace\open\src\hotspot\share\classfile\systemDictionary.cpp, line 256]

VM Operations (20 events):
Event: 0.678 Executing VM operation: G1CollectForAllocation
Event: 0.681 Executing VM operation: G1CollectForAllocation done
Event: 0.918 Executing VM operation: HandshakeAllThreads
Event: 0.918 Executing VM operation: HandshakeAllThreads done
Event: 0.919 Executing VM operation: HandshakeAllThreads
Event: 0.919 Executing VM operation: HandshakeAllThreads done
Event: 1.932 Executing VM operation: Cleanup
Event: 1.932 Executing VM operation: Cleanup done
Event: 2.010 Executing VM operation: CollectForMetadataAllocation
Event: 2.013 Executing VM operation: CollectForMetadataAllocation done
Event: 2.019 Executing VM operation: G1Concurrent
Event: 2.020 Executing VM operation: G1Concurrent done
Event: 2.022 Executing VM operation: G1Concurrent
Event: 2.023 Executing VM operation: G1Concurrent done
Event: 3.034 Executing VM operation: Cleanup
Event: 3.034 Executing VM operation: Cleanup done
Event: 6.073 Executing VM operation: Cleanup
Event: 6.073 Executing VM operation: Cleanup done
Event: 60.557 Executing VM operation: Cleanup
Event: 60.557 Executing VM operation: Cleanup done

Events (20 events):
Event: 1.994 loading class java/util/concurrent/CompletableFuture$UniExceptionally
Event: 1.994 loading class java/util/concurrent/CompletableFuture$UniCompletion
Event: 1.994 loading class java/util/concurrent/CompletableFuture$UniCompletion done
Event: 1.994 loading class java/util/concurrent/CompletableFuture$UniExceptionally done
Event: 2.025 loading class java/util/stream/SortedOps$SizedRefSortingSink
Event: 2.025 loading class java/util/stream/SortedOps$AbstractRefSortingSink
Event: 2.025 loading class java/util/stream/SortedOps$AbstractRefSortingSink done
Event: 2.025 loading class java/util/stream/SortedOps$SizedRefSortingSink done
Event: 2.877 loading class java/util/concurrent/ConcurrentLinkedDeque$Itr
Event: 2.877 loading class java/util/concurrent/ConcurrentLinkedDeque$AbstractItr
Event: 2.877 loading class java/util/concurrent/ConcurrentLinkedDeque$AbstractItr done
Event: 2.877 loading class java/util/concurrent/ConcurrentLinkedDeque$Itr done
Event: 5.931 Thread 0x0000012c14377a20 Thread exited: 0x0000012c14377a20
Event: 60.700 loading class java/lang/annotation/ElementType
Event: 60.700 loading class java/lang/annotation/ElementType done
Event: 60.712 loading class jdk/internal/reflect/UnsafeStaticObjectFieldAccessorImpl
Event: 60.712 loading class jdk/internal/reflect/UnsafeStaticObjectFieldAccessorImpl done
Event: 60.712 loading class java/util/AbstractList$ListItr
Event: 60.712 loading class java/util/AbstractList$ListItr done
Event: 60.717 Thread 0x0000012c71e160f0 Thread added: 0x0000012c71e160f0


Dynamic libraries:
0x00007ff790fa0000 - 0x00007ff790fb0000 	C:\Users\GQ-SYS-03\Downloads\jdk-17_windows-x64_bin\jdk-17\bin\javaw.exe
0x00007ff895530000 - 0x00007ff895728000 	C:\WINDOWS\SYSTEM32\ntdll.dll
0x00007ff894060000 - 0x00007ff89411d000 	C:\WINDOWS\System32\KERNEL32.DLL
0x00007ff892d20000 - 0x00007ff892fee000 	C:\WINDOWS\System32\KERNELBASE.dll
0x00007ff8932e0000 - 0x00007ff8933e0000 	C:\WINDOWS\System32\ucrtbase.dll
0x00007ff88d750000 - 0x00007ff88d76a000 	C:\Users\GQ-SYS-03\Downloads\jdk-17_windows-x64_bin\jdk-17\bin\VCRUNTIME140.dll
0x00007ff88c760000 - 0x00007ff88c778000 	C:\Users\GQ-SYS-03\Downloads\jdk-17_windows-x64_bin\jdk-17\bin\jli.dll
0x00007ff893e30000 - 0x00007ff893ede000 	C:\WINDOWS\System32\ADVAPI32.dll
0x00007ff895230000 - 0x00007ff8952ce000 	C:\WINDOWS\System32\msvcrt.dll
0x00007ff894190000 - 0x00007ff89422c000 	C:\WINDOWS\System32\sechost.dll
0x00007ff893590000 - 0x00007ff8936b5000 	C:\WINDOWS\System32\RPCRT4.dll
0x00007ff8947d0000 - 0x00007ff894970000 	C:\WINDOWS\System32\USER32.dll
0x00007ff892cc0000 - 0x00007ff892ce2000 	C:\WINDOWS\System32\win32u.dll
0x00007ff895200000 - 0x00007ff89522a000 	C:\WINDOWS\System32\GDI32.dll
0x00007ff87b240000 - 0x00007ff87b4da000 	C:\WINDOWS\WinSxS\amd64_microsoft.windows.common-controls_6595b64144ccf1df_6.0.19041.1110_none_60b5254171f9507e\COMCTL32.dll
0x00007ff8933e0000 - 0x00007ff8934eb000 	C:\WINDOWS\System32\gdi32full.dll
0x00007ff8934f0000 - 0x00007ff89358d000 	C:\WINDOWS\System32\msvcp_win.dll
0x00007ff88e6d0000 - 0x00007ff88e6da000 	C:\WINDOWS\SYSTEM32\VERSION.dll
0x00007ff893ee0000 - 0x00007ff893f10000 	C:\WINDOWS\System32\IMM32.DLL
0x00007ff88d1f0000 - 0x00007ff88d1fc000 	C:\Users\GQ-SYS-03\Downloads\jdk-17_windows-x64_bin\jdk-17\bin\vcruntime140_1.dll
0x00007ff889480000 - 0x00007ff88950d000 	C:\Users\GQ-SYS-03\Downloads\jdk-17_windows-x64_bin\jdk-17\bin\msvcp140.dll
0x00007ff81c950000 - 0x00007ff81d50e000 	C:\Users\GQ-SYS-03\Downloads\jdk-17_windows-x64_bin\jdk-17\bin\server\jvm.dll
0x00007ff894180000 - 0x00007ff894188000 	C:\WINDOWS\System32\PSAPI.DLL
0x00007ff877800000 - 0x00007ff877809000 	C:\WINDOWS\SYSTEM32\WSOCK32.dll
0x00007ff86de00000 - 0x00007ff86de27000 	C:\WINDOWS\SYSTEM32\WINMM.dll
0x00007ff895480000 - 0x00007ff8954eb000 	C:\WINDOWS\System32\WS2_32.dll
0x00007ff890b70000 - 0x00007ff890b82000 	C:\WINDOWS\SYSTEM32\kernel.appcore.dll
0x00007ff88b3a0000 - 0x00007ff88b3aa000 	C:\Users\GQ-SYS-03\Downloads\jdk-17_windows-x64_bin\jdk-17\bin\jimage.dll
0x00007ff88e110000 - 0x00007ff88e2f4000 	C:\WINDOWS\SYSTEM32\DBGHELP.DLL
0x00007ff88e090000 - 0x00007ff88e0bc000 	C:\WINDOWS\SYSTEM32\dbgcore.DLL
0x00007ff892ff0000 - 0x00007ff893072000 	C:\WINDOWS\System32\bcryptPrimitives.dll
0x00007ff889450000 - 0x00007ff889475000 	C:\Users\GQ-SYS-03\Downloads\jdk-17_windows-x64_bin\jdk-17\bin\java.dll
0x00007ff86f870000 - 0x00007ff86f946000 	C:\Users\GQ-SYS-03\Downloads\jdk-17_windows-x64_bin\jdk-17\bin\svml.dll
0x00007ff894ab0000 - 0x00007ff8951f4000 	C:\WINDOWS\System32\SHELL32.dll
0x00007ff890d70000 - 0x00007ff891504000 	C:\WINDOWS\SYSTEM32\windows.storage.dll
0x00007ff893880000 - 0x00007ff893bd4000 	C:\WINDOWS\System32\combase.dll
0x00007ff892640000 - 0x00007ff892670000 	C:\WINDOWS\SYSTEM32\Wldp.dll
0x00007ff894720000 - 0x00007ff8947cd000 	C:\WINDOWS\System32\SHCORE.dll
0x00007ff893f10000 - 0x00007ff893f65000 	C:\WINDOWS\System32\shlwapi.dll
0x00007ff892b90000 - 0x00007ff892baf000 	C:\WINDOWS\SYSTEM32\profapi.dll
0x00007ff88b380000 - 0x00007ff88b399000 	C:\Users\GQ-SYS-03\Downloads\jdk-17_windows-x64_bin\jdk-17\bin\net.dll
0x00007ff88c310000 - 0x00007ff88c41a000 	C:\WINDOWS\SYSTEM32\WINHTTP.dll
0x00007ff892340000 - 0x00007ff8923aa000 	C:\WINDOWS\system32\mswsock.dll
0x00007ff8895a0000 - 0x00007ff8895b5000 	C:\Users\GQ-SYS-03\Downloads\jdk-17_windows-x64_bin\jdk-17\bin\nio.dll
0x00007ff888030000 - 0x00007ff888048000 	C:\Users\GQ-SYS-03\Downloads\jdk-17_windows-x64_bin\jdk-17\bin\zip.dll
0x00007ff892070000 - 0x00007ff89213a000 	C:\WINDOWS\SYSTEM32\DNSAPI.dll
0x00007ff892030000 - 0x00007ff89206b000 	C:\WINDOWS\SYSTEM32\IPHLPAPI.DLL
0x00007ff893f70000 - 0x00007ff893f78000 	C:\WINDOWS\System32\NSI.dll
0x00007ff88ba30000 - 0x00007ff88ba3a000 	C:\Windows\System32\rasadhlp.dll
0x00007ff88bbb0000 - 0x00007ff88bc30000 	C:\WINDOWS\System32\fwpuclnt.dll
0x00007ff892cf0000 - 0x00007ff892d17000 	C:\WINDOWS\System32\bcrypt.dll
0x00007ff892540000 - 0x00007ff892558000 	C:\WINDOWS\SYSTEM32\CRYPTSP.dll
0x00007ff891cc0000 - 0x00007ff891cf4000 	C:\WINDOWS\system32\rsaenh.dll
0x00007ff892b50000 - 0x00007ff892b7e000 	C:\WINDOWS\SYSTEM32\USERENV.dll
0x00007ff892530000 - 0x00007ff89253c000 	C:\WINDOWS\SYSTEM32\CRYPTBASE.dll
0x00007ff88cfb0000 - 0x00007ff88cfc7000 	C:\WINDOWS\SYSTEM32\dhcpcsvc6.DLL
0x00007ff88d250000 - 0x00007ff88d26d000 	C:\WINDOWS\SYSTEM32\dhcpcsvc.DLL
0x00007ff88a710000 - 0x00007ff88a720000 	C:\Users\GQ-SYS-03\Downloads\jdk-17_windows-x64_bin\jdk-17\bin\verify.dll
0x00007ff88a440000 - 0x00007ff88a449000 	C:\Users\GQ-SYS-03\Downloads\jdk-17_windows-x64_bin\jdk-17\bin\management.dll
0x00007ff888070000 - 0x00007ff88807b000 	C:\Users\GQ-SYS-03\Downloads\jdk-17_windows-x64_bin\jdk-17\bin\management_ext.dll
0x00007ff888020000 - 0x00007ff88802e000 	C:\Users\GQ-SYS-03\Downloads\jdk-17_windows-x64_bin\jdk-17\bin\sunmscapi.dll
0x00007ff893180000 - 0x00007ff8932d6000 	C:\WINDOWS\System32\CRYPT32.dll
0x00007ff8926b0000 - 0x00007ff8926d7000 	C:\WINDOWS\SYSTEM32\ncrypt.dll
0x00007ff892670000 - 0x00007ff8926ab000 	C:\WINDOWS\SYSTEM32\NTASN1.dll
0x00007ff86fc70000 - 0x00007ff86fc77000 	C:\WINDOWS\system32\wshunix.dll
0x00007ff8760d0000 - 0x00007ff8760e7000 	C:\WINDOWS\system32\napinsp.dll
0x00007ff8760b0000 - 0x00007ff8760cb000 	C:\WINDOWS\system32\pnrpnsp.dll
0x00007ff876090000 - 0x00007ff8760a5000 	C:\WINDOWS\system32\wshbth.dll
0x00007ff88e400000 - 0x00007ff88e41d000 	C:\WINDOWS\system32\NLAapi.dll
0x00007ff8740e0000 - 0x00007ff8740f2000 	C:\WINDOWS\System32\winrnr.dll

dbghelp: loaded successfully - version: 4.0.5 - missing functions: none
symbol engine: initialized successfully - sym options: 0x614 - pdb path: .;C:\Users\GQ-SYS-03\Downloads\jdk-17_windows-x64_bin\jdk-17\bin;C:\WINDOWS\SYSTEM32;C:\WINDOWS\WinSxS\amd64_microsoft.windows.common-controls_6595b64144ccf1df_6.0.19041.1110_none_60b5254171f9507e;C:\Users\GQ-SYS-03\Downloads\jdk-17_windows-x64_bin\jdk-17\bin\server

VM Arguments:
jvm_args: -ea -Dfile.encoding=Cp1252 -XX:+ShowCodeDetailsInExceptionMessages 
java_command: org.testng.remote.RemoteTestNG -serport 54802 -protocol json -d D:\Udemy\Eclipse\LinkAirways\test-output C:\Users\GQ-SYS~2\AppData\Local\Temp\testng-eclipse--1744346145\testng-customsuite.xml
java_class_path (initial): C:\eclipse\configuration\org.eclipse.osgi\431\0\.cp\lib\testng-remote.jar;D:\Udemy\Eclipse\LinkAirways\bin;C:\eclipse\plugins\org.testng_7.4.0.r202105021533.jar;C:\eclipse\plugins\com.beust.jcommander_1.78.0.jar;C:\eclipse\plugins\org.apache-extras.beanshell.bsh_2.0.0.b6.jar;C:\eclipse\plugins\org.yaml.snakeyaml_1.21.0.jar;C:\eclipse\plugins\org.webjars.jquery_3.5.1.jar;C:\Users\GQ-SYS-03\Downloads\selenium-server-4.3.0.jar
Launcher Type: SUN_STANDARD

[Global flags]
     intx CICompilerCount                          = 3                                         {product} {ergonomic}
     uint ConcGCThreads                            = 1                                         {product} {ergonomic}
     uint G1ConcRefinementThreads                  = 4                                         {product} {ergonomic}
   size_t G1HeapRegionSize                         = 1048576                                   {product} {ergonomic}
    uintx GCDrainStackTargetSize                   = 64                                        {product} {ergonomic}
   size_t InitialHeapSize                          = 134217728                                 {product} {ergonomic}
   size_t MarkStackSize                            = 4194304                                   {product} {ergonomic}
   size_t MaxHeapSize                              = 2116026368                                {product} {ergonomic}
   size_t MaxNewSize                               = 1268776960                                {product} {ergonomic}
   size_t MinHeapDeltaBytes                        = 1048576                                   {product} {ergonomic}
   size_t MinHeapSize                              = 8388608                                   {product} {ergonomic}
    uintx NonNMethodCodeHeapSize                   = 5832780                                {pd product} {ergonomic}
    uintx NonProfiledCodeHeapSize                  = 122912730                              {pd product} {ergonomic}
    uintx ProfiledCodeHeapSize                     = 122912730                              {pd product} {ergonomic}
    uintx ReservedCodeCacheSize                    = 251658240                              {pd product} {ergonomic}
     bool SegmentedCodeCache                       = true                                      {product} {ergonomic}
     bool ShowCodeDetailsInExceptionMessages       = true                                   {manageable} {command line}
   size_t SoftMaxHeapSize                          = 2116026368                             {manageable} {ergonomic}
     bool UseCompressedClassPointers               = true                           {product lp64_product} {ergonomic}
     bool UseCompressedOops                        = true                           {product lp64_product} {ergonomic}
     bool UseG1GC                                  = true                                      {product} {ergonomic}
     bool UseLargePagesIndividualAllocation        = false                                  {pd product} {ergonomic}

Logging:
Log output configuration:
 #0: stdout all=warning uptime,level,tags
 #1: stderr all=off uptime,level,tags

Environment Variables:
JAVA_HOME=C:\Program Files\Java\jdk-17.0.2
PATH=C:/eclipse//plugins/org.eclipse.justj.openjdk.hotspot.jre.full.win32.x86_64_17.0.1.v20211116-1657/jre/bin/server;C:/eclipse//plugins/org.eclipse.justj.openjdk.hotspot.jre.full.win32.x86_64_17.0.1.v20211116-1657/jre/bin;C:\Program Files\Common Files\Oracle\Java\javapath;C:\WINDOWS\system32;C:\WINDOWS;C:\WINDOWS\System32\Wbem;C:\WINDOWS\System32\WindowsPowerShell\v1.0\;C:\WINDOWS\System32\OpenSSH\;C:\Program Files\Microsoft SQL Server\Client SDK\ODBC\110\Tools\Binn\;C:\Program Files (x86)\Microsoft SQL Server\120\Tools\Binn\ManagementStudio\;C:\Program Files (x86)\Microsoft SQL Server\120\Tools\Binn\;C:\Program Files\Microsoft SQL Server\120\Tools\Binn\;C:\Program Files (x86)\Microsoft SQL Server\120\DTS\Binn\;C:\Program Files\Microsoft SQL Server\120\DTS\Binn\;C:\Program Files\Java\jdk-16.0.1\bin;%MAVEN_HOME%\bin;C:\Users\GQ-SYS-03\AppData\Local\Microsoft\WindowsApps;C:\Program Files\Azure Data Studio\bin;C:\Program Files\apache-maven-3.8.6\bin;;C:\eclipse;
USERNAME=GQ-SYS-03
OS=Windows_NT
PROCESSOR_IDENTIFIER=Intel64 Family 6 Model 158 Stepping 11, GenuineIntel



---------------  S Y S T E M  ---------------

OS:
 Windows 10 , 64 bit Build 19041 (10.0.19041.1889)
OS uptime: 14 days 7:57 hours

CPU: total 4 (initial active 4) (4 cores per cpu, 1 threads per core) family 6 model 158 stepping 11 microcode 0xb4, cx8, cmov, fxsr, mmx, 3dnowpref, sse, sse2, sse3, ssse3, sse4.1, sse4.2, popcnt, lzcnt, tsc, tscinvbit, avx, avx2, aes, erms, clmul, bmi1, bmi2, adx, fma, vzeroupper, clflush, clflushopt

Memory: 4k page, system-wide physical 8071M (892M free)
TotalPageFile size 20888M (AvailPageFile size 3M)
current process WorkingSet (physical memory assigned to process): 105M, peak: 133M
current process commit charge ("private bytes"): 176M, peak: 256M

vm_info: Java HotSpot(TM) 64-Bit Server VM (17+35-LTS-2724) for windows-amd64 JRE (17+35-LTS-2724), built on Aug  5 2021 23:28:28 by "mach5one" with MS VC++ 16.8 (VS2019)

END.
